Using pre-set license
Built from '2020.2/staging' branch; Version is '2020.2.6f1 (8a2143876886) revision 9052483'; Using compiler version '192528614'; Build Type 'Release'
OS: 'Windows 10 Education; OS build 18363.1379; Version 1909; 64bit' Language: 'he' Physical Memory: 16293 MB
BatchMode: 1, IsHumanControllingUs: 0, StartBugReporterOnCrash: 0, Is64bit: 1, IsPro: 0

 COMMAND LINE ARGUMENTS:
D:\More Program files\Unity Editors\2020.2.6f1\Editor\Unity.exe
-adb2
-batchMode
-noUpm
-name
AssetImportWorker0
-projectPath
D:/Projects/החממה  לפיתוח/GitHub/FURFLE/Unity Game
-logFile
Logs/AssetImportWorker0.log
-srvPort
50754
Successfully changed project path to: D:/Projects/החממה  לפיתוח/GitHub/FURFLE/Unity Game
D:/Projects/החממה  לפיתוח/GitHub/FURFLE/Unity Game
Using Asset Import Pipeline V2.
Refreshing native plugins compatible for Editor in 20.89 ms, found 0 plugins.
Preloading 0 native plugins for Editor in 0.00 ms.
Initialize engine version: 2020.2.6f1 (8a2143876886)
[Subsystems] Discovering subsystems at path D:/More Program files/Unity Editors/2020.2.6f1/Editor/Data/Resources/UnitySubsystems
[Subsystems] Discovering subsystems at path D:/Projects/החממה  לפיתוח/GitHub/FURFLE/Unity Game/Assets
GfxDevice: creating device client; threaded=0
Direct3D:
    Version:  Direct3D 11.0 [level 11.1]
    Renderer: NVIDIA GeForce MX150 (ID=0x1d10)
    Vendor:   
    VRAM:     4027 MB
    Driver:   27.21.14.5730
Initialize mono
Mono path[0] = 'D:/More Program files/Unity Editors/2020.2.6f1/Editor/Data/Managed'
Mono path[1] = 'D:/More Program files/Unity Editors/2020.2.6f1/Editor/Data/MonoBleedingEdge/lib/mono/unityjit'
Mono config path = 'D:/More Program files/Unity Editors/2020.2.6f1/Editor/Data/MonoBleedingEdge/etc'
Using monoOptions --debugger-agent=transport=dt_socket,embedding=1,server=y,suspend=n,address=127.0.0.1:56752
Begin MonoManager ReloadAssembly
Registering precompiled unity dll's ...
Register platform support module: D:/More Program files/Unity Editors/2020.2.6f1/Editor/Data/PlaybackEngines/WebGLSupport/UnityEditor.WebGL.Extensions.dll
Register platform support module: D:/More Program files/Unity Editors/2020.2.6f1/Editor/Data/PlaybackEngines/WindowsStandaloneSupport/UnityEditor.WindowsStandalone.Extensions.dll
Registered in 0.001033 seconds.
Native extension for WindowsStandalone target not found
Native extension for WebGL target not found
Refreshing native plugins compatible for Editor in 20.80 ms, found 0 plugins.
Preloading 0 native plugins for Editor in 0.00 ms.
Invoked RoslynAnalysisRunner static constructor.
RoslynAnalysisRunner will not be running.
RoslynAnalysisRunner has terminated.
Mono: successfully reloaded assembly
- Completed reload, in  1.178 seconds
Platform modules already initialized, skipping
Registering precompiled user dll's ...
Registered in 0.000468 seconds.
Begin MonoManager ReloadAssembly
Native extension for WindowsStandalone target not found
Native extension for WebGL target not found
Refreshing native plugins compatible for Editor in 0.21 ms, found 0 plugins.
Preloading 0 native plugins for Editor in 0.00 ms.
Invoked RoslynAnalysisRunner static constructor.
RoslynAnalysisRunner will not be running.
RoslynAnalysisRunner has terminated.
Mono: successfully reloaded assembly
- Completed reload, in  0.733 seconds
Platform modules already initialized, skipping
========================================================================
Worker process is ready to serve import requests
Launched and connected shader compiler UnityShaderCompiler.exe after 0.05 seconds
Refreshing native plugins compatible for Editor in 0.22 ms, found 0 plugins.
Preloading 0 native plugins for Editor in 0.00 ms.
Unloading 1103 Unused Serialized files (Serialized files now loaded: 0)
System memory in use before: 56.6 MB.
System memory in use after: 56.7 MB.

Unloading 10 unused Assets to reduce memory usage. Loaded Objects now: 1544.
Total: 1.858600 ms (FindLiveObjects: 0.182000 ms CreateObjectMapping: 0.058300 ms MarkObjects: 1.513000 ms  DeleteObjects: 0.104500 ms)

========================================================================
Received Import Request.
  path: Assets/Scenes
  artifactKey: Guid(88995e2bddace434cbc600af7fe2fbdc) Importer(815301076,1909f56bfc062723c751e8b465ee728b)
Start importing Assets/Scenes using Guid(88995e2bddace434cbc600af7fe2fbdc) Importer(815301076,1909f56bfc062723c751e8b465ee728b)  -> (artifact id: '7d75c6252d8139c6f60c86f192a0cac2') in 0.007418 seconds
  Import took 0.009450 seconds .

AssetImportWorkerClient::OnTransportError - code=2 error=End of file
